SF:lib/main.dart
DA:10,0
DA:13,1
DA:15,1
DA:17,1
DA:19,1
DA:20,2
DA:22,1
LF:7
LH:6
end_of_record
SF:lib/forms/subscriptionform.dart
DA:5,1
DA:7,1
DA:8,1
DA:14,1
DA:16,1
DA:17,1
DA:18,1
DA:21,1
DA:22,1
DA:23,1
DA:24,1
DA:27,1
DA:29,1
DA:35,1
DA:39,1
DA:41,1
DA:43,1
DA:44,0
DA:46,1
DA:49,2
LF:20
LH:19
end_of_record
SF:lib/styles.dart
DA:8,3
DA:12,1
DA:16,3
DA:20,1
DA:23,3
DA:27,1
DA:55,3
DA:59,1
DA:62,3
DA:66,1
DA:69,3
DA:73,1
DA:76,3
DA:80,1
DA:83,3
DA:87,1
DA:90,3
DA:94,1
DA:97,3
DA:101,1
DA:104,0
DA:108,0
LF:22
LH:20
end_of_record
SF:lib/home.dart
DA:16,0
DA:17,0
DA:19,0
DA:20,0
DA:21,0
DA:22,0
DA:24,0
DA:25,0
DA:26,0
DA:34,1
DA:37,0
DA:40,0
DA:41,0
DA:42,0
DA:43,0
DA:44,0
DA:45,0
DA:46,0
DA:47,0
DA:50,0
DA:51,0
DA:52,0
DA:53,0
DA:54,0
DA:57,1
DA:58,1
DA:59,1
DA:61,1
DA:63,1
DA:66,1
DA:67,1
DA:69,1
DA:70,1
DA:71,2
DA:72,1
DA:75,1
DA:81,2
DA:82,2
DA:86,1
DA:87,1
DA:88,1
DA:89,2
DA:90,2
DA:93,0
DA:94,0
DA:100,1
DA:101,2
DA:102,0
DA:103,0
DA:107,1
DA:108,1
DA:109,1
DA:110,2
DA:111,2
DA:114,0
DA:117,1
DA:118,1
DA:119,1
DA:120,2
DA:121,2
DA:124,0
DA:129,1
DA:130,2
DA:131,0
DA:132,0
DA:133,0
DA:138,1
DA:139,2
DA:144,1
DA:145,1
DA:146,1
DA:148,1
DA:163,1
DA:164,1
DA:165,1
DA:166,1
DA:167,1
DA:168,1
DA:169,1
DA:170,1
DA:173,1
DA:174,3
DA:175,3
DA:180,1
DA:182,1
DA:183,2
DA:184,2
DA:185,2
DA:193,1
DA:194,2
DA:196,1
DA:197,1
DA:198,1
DA:199,1
DA:200,1
DA:201,1
DA:202,2
DA:205,1
DA:206,2
DA:211,1
DA:214,1
DA:215,1
DA:219,1
DA:220,1
DA:227,1
DA:228,2
DA:229,1
DA:230,1
DA:231,1
DA:232,1
DA:233,1
DA:234,1
DA:235,1
DA:236,2
DA:239,1
DA:240,2
DA:245,1
DA:246,1
DA:250,1
DA:252,1
DA:254,1
DA:255,1
DA:257,1
DA:258,1
DA:259,1
DA:260,1
DA:261,1
DA:263,1
DA:264,1
DA:265,1
DA:266,1
DA:268,1
DA:269,1
DA:270,1
DA:275,1
DA:277,2
DA:285,1
DA:287,1
DA:288,1
DA:289,1
DA:290,1
DA:291,1
DA:293,1
DA:294,1
DA:295,1
DA:296,1
DA:298,1
DA:299,1
DA:300,1
DA:305,1
DA:307,2
DA:315,1
DA:317,1
DA:318,1
DA:319,1
DA:320,1
DA:321,1
DA:323,1
DA:324,1
DA:325,1
DA:326,1
DA:328,1
DA:329,1
DA:330,1
DA:335,1
DA:337,2
DA:351,1
DA:352,2
DA:353,1
DA:354,1
DA:355,1
DA:356,1
DA:357,1
DA:358,1
DA:359,1
DA:360,2
DA:363,1
DA:364,2
DA:369,1
DA:370,1
DA:379,1
DA:380,1
LF:182
LH:150
end_of_record
SF:lib/resources/constant.dart
DA:7,3
DA:8,3
LF:2
LH:2
end_of_record
SF:lib/resources/utility.dart
DA:3,1
DA:4,1
DA:5,1
DA:6,3
DA:8,2
DA:9,2
DA:11,2
DA:12,1
DA:13,4
DA:14,5
DA:15,5
DA:16,5
DA:20,2
LF:13
LH:13
end_of_record
SF:lib/screens/small/aboutscreen.dart
DA:7,0
DA:9,0
DA:10,0
DA:12,0
DA:14,0
DA:17,0
DA:18,0
DA:19,0
DA:20,0
DA:21,0
DA:22,0
DA:24,0
DA:25,0
DA:26,0
DA:27,0
DA:28,0
DA:29,0
DA:30,0
DA:33,0
DA:34,0
DA:43,0
DA:44,0
DA:45,0
DA:48,0
DA:50,0
DA:54,0
DA:56,0
LF:27
LH:0
end_of_record
SF:lib/widgets/small/socialmedia.dart
DA:7,2
DA:9,1
DA:11,1
DA:12,2
DA:13,1
DA:14,1
DA:16,1
DA:17,1
DA:18,1
DA:19,1
DA:20,1
DA:23,1
DA:24,1
DA:25,1
DA:28,1
DA:29,1
DA:32,1
DA:33,1
DA:36,1
DA:37,1
DA:39,1
DA:40,1
DA:42,1
DA:43,1
DA:50,1
DA:51,1
DA:52,1
DA:54,1
DA:55,1
DA:62,1
DA:63,1
DA:64,1
DA:66,1
DA:67,1
DA:74,1
DA:75,1
DA:76,1
DA:78,1
DA:79,1
DA:86,1
DA:87,1
DA:88,1
DA:90,1
DA:91,1
LF:44
LH:44
end_of_record
SF:lib/widgets/small/copyright.dart
DA:7,2
DA:9,1
DA:11,1
DA:12,1
DA:15,1
DA:16,1
DA:17,1
DA:18,2
DA:20,1
DA:21,1
LF:10
LH:10
end_of_record
